<?xml version="1.0" encoding="UTF-8"?>
<!-- Generated by org.testng.reporters.JUnitReportReporter -->
<testsuite hostname="W10-VWKS-1" failures="0" tests="1" name="org.example.eCommerce_tc_1" time="58.021" errors="0" timestamp="2023-02-08T22:51:36 GMT-08:00" skipped="0">
  <testcase classname="org.example.eCommerce_tc_1" name="FillForm_ErrorValidation" time="58.021"/>
  <system-out/>
</testsuite> <!-- org.example.eCommerce_tc_1 -->
